2018-02-07 22:27:04.139  INFO 11420 --- [restartedMain] c.e.m.m.MovieServiceApplication          : Starting MovieServiceApplication on ari with PID 11420 (C:\Users\memojja\Desktop\tezZ\my-graduation-thesis\movie-service\target\classes started by memojja in C:\Users\memojja\Desktop\tezZ\my-graduation-thesis\movie-service)
2018-02-07 22:27:04.140  INFO 11420 --- [restartedMain] c.e.m.m.MovieServiceApplication          : The following profiles are active: mongo
2018-02-07 22:27:04.190  INFO 11420 --- [restartedMain] ationConfigEmbeddedWebApplicationContext : Refreshing org.springframework.boot.context.embedded.AnnotationConfigEmbeddedWebApplicationContext@1c435f0a: startup date [Wed Feb 07 22:27:04 EET 2018]; root of context hierarchy
2018-02-07 22:27:05.151  INFO 11420 --- [restartedMain] f.a.AutowiredAnnotationBeanPostProcessor : JSR-330 'javax.inject.Inject' annotation found and supported for autowiring
2018-02-07 22:27:05.857  INFO 11420 --- [restartedMain] s.b.c.e.t.TomcatEmbeddedServletContainer : Tomcat initialized with port(s): 8081 (http)
2018-02-07 22:27:05.867  INFO 11420 --- [restartedMain] o.apache.catalina.core.StandardService   : Starting service [Tomcat]
2018-02-07 22:27:05.868  INFO 11420 --- [restartedMain] org.apache.catalina.core.StandardEngine  : Starting Servlet Engine: Apache Tomcat/8.5.23
2018-02-07 22:27:05.998  INFO 11420 --- [localhost-startStop-1] o.a.c.c.C.[Tomcat].[localhost].[/]       : Initializing Spring embedded WebApplicationContext
2018-02-07 22:27:06.000  INFO 11420 --- [localhost-startStop-1] o.s.web.context.ContextLoader            : Root WebApplicationContext: initialization completed in 1813 ms
2018-02-07 22:27:06.190  INFO 11420 --- [localhost-startStop-1] o.s.b.w.servlet.ServletRegistrationBean  : Mapping servlet: 'dispatcherServlet' to [/]
2018-02-07 22:27:06.194  INFO 11420 --- [localhost-startStop-1] o.s.b.w.servlet.FilterRegistrationBean   : Mapping filter: 'characterEncodingFilter' to: [/*]
2018-02-07 22:27:06.195  INFO 11420 --- [localhost-startStop-1] o.s.b.w.servlet.FilterRegistrationBean   : Mapping filter: 'hiddenHttpMethodFilter' to: [/*]
2018-02-07 22:27:06.196  INFO 11420 --- [localhost-startStop-1] o.s.b.w.servlet.FilterRegistrationBean   : Mapping filter: 'httpPutFormContentFilter' to: [/*]
2018-02-07 22:27:06.197  INFO 11420 --- [localhost-startStop-1] o.s.b.w.servlet.FilterRegistrationBean   : Mapping filter: 'requestContextFilter' to: [/*]
2018-02-07 22:27:06.741  INFO 11420 --- [restartedMain] org.mongodb.driver.cluster               : Cluster created with settings {hosts=[localhost:27017], mode=MULTIPLE, requiredClusterType=UNKNOWN, serverSelectionTimeout='30000 ms', maxWaitQueueSize=500}
2018-02-07 22:27:06.741  INFO 11420 --- [restartedMain] org.mongodb.driver.cluster               : Adding discovered server localhost:27017 to client view of cluster
2018-02-07 22:27:06.795  INFO 11420 --- [cluster-ClusterId{value='5a7b530a69e3712c9cf5d06e', description='null'}-localhost:27017] org.mongodb.driver.connection            : Opened connection [connectionId{localValue:1, serverValue:21}] to localhost:27017
2018-02-07 22:27:06.796  INFO 11420 --- [cluster-ClusterId{value='5a7b530a69e3712c9cf5d06e', description='null'}-localhost:27017] org.mongodb.driver.cluster               : Monitor thread successfully connected to server with description ServerDescription{address=localhost:27017, type=STANDALONE, state=CONNECTED, ok=true, version=ServerVersion{versionList=[3, 6, 0]}, minWireVersion=0, maxWireVersion=6, maxDocumentSize=16777216, roundTripTimeNanos=645926}
2018-02-07 22:27:06.797  INFO 11420 --- [cluster-ClusterId{value='5a7b530a69e3712c9cf5d06e', description='null'}-localhost:27017] org.mongodb.driver.cluster               : Discovered cluster type of STANDALONE
2018-02-07 22:27:07.387  INFO 11420 --- [restartedMain] s.w.s.m.m.a.RequestMappingHandlerAdapter : Looking for @ControllerAdvice: org.springframework.boot.context.embedded.AnnotationConfigEmbeddedWebApplicationContext@1c435f0a: startup date [Wed Feb 07 22:27:04 EET 2018]; root of context hierarchy
2018-02-07 22:27:07.451  INFO 11420 --- [restartedMain] s.w.s.m.m.a.RequestMappingHandlerMapping : Mapped "{[/movies/{id}/image],methods=[GET],produces=[image/jpeg]}" onto public org.springframework.http.ResponseEntity<byte[]> com.example.movieservice.movieservice.controller.MovieController.getMovieImageById(java.lang.String) throws java.io.IOException
2018-02-07 22:27:07.455  INFO 11420 --- [restartedMain] s.w.s.m.m.a.RequestMappingHandlerMapping : Mapped "{[/movies/paging],methods=[GET]}" onto public org.springframework.data.domain.Page<com.example.movieservice.movieservice.model.Movie> com.example.movieservice.movieservice.controller.MovieController.getAllMoviesPageable(org.springframework.data.domain.Pageable)
2018-02-07 22:27:07.456  INFO 11420 --- [restartedMain] s.w.s.m.m.a.RequestMappingHandlerMapping : Mapped "{[/movies/{id}],methods=[GET]}" onto public com.example.movieservice.movieservice.model.Movie com.example.movieservice.movieservice.controller.MovieController.getMovieById(java.lang.String)
2018-02-07 22:27:07.457  INFO 11420 --- [restartedMain] s.w.s.m.m.a.RequestMappingHandlerMapping : Mapped "{[/movies],methods=[GET]}" onto public java.util.List<com.example.movieservice.movieservice.model.Movie> com.example.movieservice.movieservice.controller.MovieController.getAllMovies()
2018-02-07 22:27:07.461  INFO 11420 --- [restartedMain] s.w.s.m.m.a.RequestMappingHandlerMapping : Mapped "{[/recomendations],methods=[GET]}" onto public java.util.List<com.example.movieservice.movieservice.model.Movie> com.example.movieservice.movieservice.controller.RecomendationController.getRecoemndations(java.util.List<com.example.movieservice.movieservice.model.Rating>)
2018-02-07 22:27:07.462  INFO 11420 --- [restartedMain] s.w.s.m.m.a.RequestMappingHandlerMapping : Mapped "{[/recomendations/user/{id}],methods=[GET]}" onto public java.util.List<com.example.movieservice.movieservice.model.Movie> com.example.movieservice.movieservice.controller.RecomendationController.getRecomendationByUserId(java.lang.Integer)
2018-02-07 22:27:07.465  INFO 11420 --- [restartedMain] s.w.s.m.m.a.RequestMappingHandlerMapping : Mapped "{[/error]}" onto public org.springframework.http.ResponseEntity<java.util.Map<java.lang.String, java.lang.Object>> org.springframework.boot.autoconfigure.web.BasicErrorController.error(javax.servlet.http.HttpServletRequest)
2018-02-07 22:27:07.465  INFO 11420 --- [restartedMain] s.w.s.m.m.a.RequestMappingHandlerMapping : Mapped "{[/error],produces=[text/html]}" onto public org.springframework.web.servlet.ModelAndView org.springframework.boot.autoconfigure.web.BasicErrorController.errorHtml(javax.servlet.http.HttpServletRequest,javax.servlet.http.HttpServletResponse)
2018-02-07 22:27:07.515  INFO 11420 --- [restartedMain] o.s.w.s.handler.SimpleUrlHandlerMapping  : Mapped URL path [/webjars/**] onto handler of type [class org.springframework.web.servlet.resource.ResourceHttpRequestHandler]
2018-02-07 22:27:07.515  INFO 11420 --- [restartedMain] o.s.w.s.handler.SimpleUrlHandlerMapping  : Mapped URL path [/**] onto handler of type [class org.springframework.web.servlet.resource.ResourceHttpRequestHandler]
2018-02-07 22:27:07.572  INFO 11420 --- [restartedMain] o.s.w.s.handler.SimpleUrlHandlerMapping  : Mapped URL path [/**/favicon.ico] onto handler of type [class org.springframework.web.servlet.resource.ResourceHttpRequestHandler]
2018-02-07 22:27:07.827  INFO 11420 --- [restartedMain] o.s.b.d.a.OptionalLiveReloadServer       : LiveReload server is running on port 35729
2018-02-07 22:27:07.874  INFO 11420 --- [restartedMain] o.s.j.e.a.AnnotationMBeanExporter        : Registering beans for JMX exposure on startup
2018-02-07 22:27:07.926  INFO 11420 --- [restartedMain] s.b.c.e.t.TomcatEmbeddedServletContainer : Tomcat started on port(s): 8081 (http)
2018-02-07 22:27:07.931  INFO 11420 --- [restartedMain] c.e.m.m.MovieServiceApplication          : Started MovieServiceApplication in 4.088 seconds (JVM running for 5.166)
2018-02-07 22:27:53.527  INFO 18720 --- [restartedMain] c.e.m.m.MovieServiceApplication          : Starting MovieServiceApplication on ari with PID 18720 (C:\Users\memojja\Desktop\tezZ\my-graduation-thesis\movie-service\target\classes started by memojja in C:\Users\memojja\Desktop\tezZ\my-graduation-thesis\movie-service)
2018-02-07 22:27:53.529  INFO 18720 --- [restartedMain] c.e.m.m.MovieServiceApplication          : The following profiles are active: mongo
2018-02-07 22:27:53.668  INFO 18720 --- [restartedMain] ationConfigEmbeddedWebApplicationContext : Refreshing org.springframework.boot.context.embedded.AnnotationConfigEmbeddedWebApplicationContext@5814dd38: startup date [Wed Feb 07 22:27:53 EET 2018]; root of context hierarchy
2018-02-07 22:27:54.651  INFO 18720 --- [restartedMain] f.a.AutowiredAnnotationBeanPostProcessor : JSR-330 'javax.inject.Inject' annotation found and supported for autowiring
2018-02-07 22:27:55.283  INFO 18720 --- [restartedMain] s.b.c.e.t.TomcatEmbeddedServletContainer : Tomcat initialized with port(s): 8081 (http)
2018-02-07 22:27:55.295  INFO 18720 --- [restartedMain] o.apache.catalina.core.StandardService   : Starting service [Tomcat]
2018-02-07 22:27:55.296  INFO 18720 --- [restartedMain] org.apache.catalina.core.StandardEngine  : Starting Servlet Engine: Apache Tomcat/8.5.23
2018-02-07 22:27:55.430  INFO 18720 --- [localhost-startStop-1] o.a.c.c.C.[Tomcat].[localhost].[/]       : Initializing Spring embedded WebApplicationContext
2018-02-07 22:27:55.432  INFO 18720 --- [localhost-startStop-1] o.s.web.context.ContextLoader            : Root WebApplicationContext: initialization completed in 1768 ms
2018-02-07 22:27:55.601  INFO 18720 --- [localhost-startStop-1] o.s.b.w.servlet.ServletRegistrationBean  : Mapping servlet: 'dispatcherServlet' to [/]
2018-02-07 22:27:55.605  INFO 18720 --- [localhost-startStop-1] o.s.b.w.servlet.FilterRegistrationBean   : Mapping filter: 'characterEncodingFilter' to: [/*]
2018-02-07 22:27:55.605  INFO 18720 --- [localhost-startStop-1] o.s.b.w.servlet.FilterRegistrationBean   : Mapping filter: 'hiddenHttpMethodFilter' to: [/*]
2018-02-07 22:27:55.606  INFO 18720 --- [localhost-startStop-1] o.s.b.w.servlet.FilterRegistrationBean   : Mapping filter: 'httpPutFormContentFilter' to: [/*]
2018-02-07 22:27:55.607  INFO 18720 --- [localhost-startStop-1] o.s.b.w.servlet.FilterRegistrationBean   : Mapping filter: 'requestContextFilter' to: [/*]
2018-02-07 22:27:56.234  INFO 18720 --- [restartedMain] org.mongodb.driver.cluster               : Cluster created with settings {hosts=[localhost:27017], mode=MULTIPLE, requiredClusterType=UNKNOWN, serverSelectionTimeout='30000 ms', maxWaitQueueSize=500}
2018-02-07 22:27:56.235  INFO 18720 --- [restartedMain] org.mongodb.driver.cluster               : Adding discovered server localhost:27017 to client view of cluster
2018-02-07 22:27:56.314  INFO 18720 --- [cluster-ClusterId{value='5a7b533c69e371492014cc9a', description='null'}-localhost:27017] org.mongodb.driver.connection            : Opened connection [connectionId{localValue:1, serverValue:22}] to localhost:27017
2018-02-07 22:27:56.317  INFO 18720 --- [cluster-ClusterId{value='5a7b533c69e371492014cc9a', description='null'}-localhost:27017] org.mongodb.driver.cluster               : Monitor thread successfully connected to server with description ServerDescription{address=localhost:27017, type=STANDALONE, state=CONNECTED, ok=true, version=ServerVersion{versionList=[3, 6, 0]}, minWireVersion=0, maxWireVersion=6, maxDocumentSize=16777216, roundTripTimeNanos=751013}
2018-02-07 22:27:56.318  INFO 18720 --- [cluster-ClusterId{value='5a7b533c69e371492014cc9a', description='null'}-localhost:27017] org.mongodb.driver.cluster               : Discovered cluster type of STANDALONE
2018-02-07 22:27:56.990  INFO 18720 --- [restartedMain] s.w.s.m.m.a.RequestMappingHandlerAdapter : Looking for @ControllerAdvice: org.springframework.boot.context.embedded.AnnotationConfigEmbeddedWebApplicationContext@5814dd38: startup date [Wed Feb 07 22:27:53 EET 2018]; root of context hierarchy
2018-02-07 22:27:57.041  INFO 18720 --- [restartedMain] s.w.s.m.m.a.RequestMappingHandlerMapping : Mapped "{[/movies/paging],methods=[GET]}" onto public org.springframework.data.domain.Page<com.example.movieservice.movieservice.model.Movie> com.example.movieservice.movieservice.controller.MovieController.getAllMoviesPageable(org.springframework.data.domain.Pageable)
2018-02-07 22:27:57.043  INFO 18720 --- [restartedMain] s.w.s.m.m.a.RequestMappingHandlerMapping : Mapped "{[/movies/{id}/image],methods=[GET],produces=[image/jpeg]}" onto public org.springframework.http.ResponseEntity<byte[]> com.example.movieservice.movieservice.controller.MovieController.getMovieImageById(java.lang.String) throws java.io.IOException
2018-02-07 22:27:57.044  INFO 18720 --- [restartedMain] s.w.s.m.m.a.RequestMappingHandlerMapping : Mapped "{[/movies/{id}],methods=[GET]}" onto public com.example.movieservice.movieservice.model.Movie com.example.movieservice.movieservice.controller.MovieController.getMovieById(java.lang.String)
2018-02-07 22:27:57.044  INFO 18720 --- [restartedMain] s.w.s.m.m.a.RequestMappingHandlerMapping : Mapped "{[/movies],methods=[GET]}" onto public java.util.List<com.example.movieservice.movieservice.model.Movie> com.example.movieservice.movieservice.controller.MovieController.getAllMovies()
2018-02-07 22:27:57.046  INFO 18720 --- [restartedMain] s.w.s.m.m.a.RequestMappingHandlerMapping : Mapped "{[/recomendations/user/{id}],methods=[GET]}" onto public java.util.List<com.example.movieservice.movieservice.model.Movie> com.example.movieservice.movieservice.controller.RecomendationController.getRecomendationByUserId(java.lang.Integer)
2018-02-07 22:27:57.046  INFO 18720 --- [restartedMain] s.w.s.m.m.a.RequestMappingHandlerMapping : Mapped "{[/recomendations],methods=[GET]}" onto public java.util.List<com.example.movieservice.movieservice.model.Movie> com.example.movieservice.movieservice.controller.RecomendationController.getRecoemndations(java.util.List<com.example.movieservice.movieservice.model.Rating>)
2018-02-07 22:27:57.048  INFO 18720 --- [restartedMain] s.w.s.m.m.a.RequestMappingHandlerMapping : Mapped "{[/error]}" onto public org.springframework.http.ResponseEntity<java.util.Map<java.lang.String, java.lang.Object>> org.springframework.boot.autoconfigure.web.BasicErrorController.error(javax.servlet.http.HttpServletRequest)
2018-02-07 22:27:57.048  INFO 18720 --- [restartedMain] s.w.s.m.m.a.RequestMappingHandlerMapping : Mapped "{[/error],produces=[text/html]}" onto public org.springframework.web.servlet.ModelAndView org.springframework.boot.autoconfigure.web.BasicErrorController.errorHtml(javax.servlet.http.HttpServletRequest,javax.servlet.http.HttpServletResponse)
2018-02-07 22:27:57.076  INFO 18720 --- [restartedMain] o.s.w.s.handler.SimpleUrlHandlerMapping  : Mapped URL path [/webjars/**] onto handler of type [class org.springframework.web.servlet.resource.ResourceHttpRequestHandler]
2018-02-07 22:27:57.076  INFO 18720 --- [restartedMain] o.s.w.s.handler.SimpleUrlHandlerMapping  : Mapped URL path [/**] onto handler of type [class org.springframework.web.servlet.resource.ResourceHttpRequestHandler]
2018-02-07 22:27:57.114  INFO 18720 --- [restartedMain] o.s.w.s.handler.SimpleUrlHandlerMapping  : Mapped URL path [/**/favicon.ico] onto handler of type [class org.springframework.web.servlet.resource.ResourceHttpRequestHandler]
2018-02-07 22:27:57.366  INFO 18720 --- [restartedMain] o.s.b.d.a.OptionalLiveReloadServer       : LiveReload server is running on port 35729
2018-02-07 22:27:57.415  INFO 18720 --- [restartedMain] o.s.j.e.a.AnnotationMBeanExporter        : Registering beans for JMX exposure on startup
2018-02-07 22:27:57.464  INFO 18720 --- [restartedMain] s.b.c.e.t.TomcatEmbeddedServletContainer : Tomcat started on port(s): 8081 (http)
2018-02-07 22:27:57.468  INFO 18720 --- [restartedMain] c.e.m.m.MovieServiceApplication          : Started MovieServiceApplication in 4.25 seconds (JVM running for 5.395)
2018-02-07 22:28:02.976  INFO 18720 --- [http-nio-8081-exec-1] o.a.c.c.C.[Tomcat].[localhost].[/]       : Initializing Spring FrameworkServlet 'dispatcherServlet'
2018-02-07 22:28:02.977  INFO 18720 --- [http-nio-8081-exec-1] o.s.web.servlet.DispatcherServlet        : FrameworkServlet 'dispatcherServlet': initialization started
2018-02-07 22:28:03.013  INFO 18720 --- [http-nio-8081-exec-1] o.s.web.servlet.DispatcherServlet        : FrameworkServlet 'dispatcherServlet': initialization completed in 36 ms
2018-02-07 22:28:03.043  INFO 18720 --- [http-nio-8081-exec-1] c.e.m.m.controller.MovieController       : getAllMovies is running
2018-02-07 22:28:03.071  INFO 18720 --- [http-nio-8081-exec-1] org.mongodb.driver.connection            : Opened connection [connectionId{localValue:2, serverValue:23}] to localhost:27017
2018-02-07 22:28:09.235  INFO 18720 --- [http-nio-8081-exec-2] c.e.m.m.controller.MovieController       : getAllMovies is running
2018-02-07 22:28:21.904  INFO 18720 --- [http-nio-8081-exec-4] c.e.m.m.controller.MovieController       : getAllMovies is running
